0 verbose cli C:\Program Files\nodejs\node.exe C:\Program Files\nodejs\node_modules\npm\bin\npm-cli.js
1 info using npm@10.5.0
2 info using node@v20.12.0
3 timing npm:load:whichnode Completed in 2ms
4 timing config:load:defaults Completed in 2ms
5 timing config:load:file:C:\Program Files\nodejs\node_modules\npm\npmrc Completed in 3ms
6 timing config:load:builtin Completed in 3ms
7 timing config:load:cli Completed in 2ms
8 timing config:load:env Completed in 0ms
9 timing config:load:file:C:\Users\YYY\AppData\Local\Microsoft\TypeScript\5.4\.npmrc Completed in 0ms
10 timing config:load:project Completed in 2ms
11 timing config:load:file:C:\Users\YYY\.npmrc Completed in 0ms
12 timing config:load:user Completed in 0ms
13 timing config:load:file:C:\Users\YYY\Desktop\Program\JavaWeb\Nodejs\node_global\etc\npmrc Completed in 0ms
14 timing config:load:global Completed in 0ms
15 timing config:load:setEnvs Completed in 1ms
16 timing config:load Completed in 12ms
17 timing npm:load:configload Completed in 12ms
18 timing config:load:flatten Completed in 2ms
19 timing npm:load:mkdirpcache Completed in 0ms
20 timing npm:load:mkdirplogs Completed in 0ms
21 verbose title npm install types-registry@latest
22 verbose argv "install" "--ignore-scripts" "types-registry@latest"
23 timing npm:load:setTitle Completed in 1ms
24 timing npm:load:display Completed in 0ms
25 verbose logfile logs-max:10 dir:C:\Users\YYY\Desktop\Program\JavaWeb\Nodejs\node_cache\_logs\2024-05-13T08_00_30_895Z-
26 verbose logfile C:\Users\YYY\Desktop\Program\JavaWeb\Nodejs\node_cache\_logs\2024-05-13T08_00_30_895Z-debug-0.log
27 timing npm:load:logFile Completed in 7ms
28 timing npm:load:timers Completed in 0ms
29 timing npm:load:configScope Completed in 0ms
30 timing npm:load Completed in 45ms
31 timing arborist:ctor Completed in 1ms
32 silly logfile start cleaning logs, removing 3 files
33 timing idealTree:init Completed in 15ms
34 silly logfile done cleaning log files
35 timing arborist:ctor Completed in 0ms
36 http fetch GET 200 https://registry.npmmirror.com/types-registry 470ms (cache revalidated)
37 timing idealTree:userRequests Completed in 477ms
38 silly idealTree buildDeps
39 silly fetch manifest types-registry@0.1.684
40 silly placeDep ROOT types-registry@0.1.684 REPLACE for:  want: 0.1.684
41 timing idealTree:#root Completed in 4ms
42 timing idealTree:node_modules/types-registry Completed in 0ms
43 timing idealTree:buildDeps Completed in 4ms
44 timing idealTree:fixDepFlags Completed in 1ms
45 timing idealTree Completed in 497ms
46 timing reify:loadTrees Completed in 498ms
47 timing reify:diffTrees Completed in 1ms
48 silly reify moves {}
49 timing reify:retireShallow Completed in 1ms
50 timing reify:createSparse Completed in 0ms
51 timing reify:loadBundles Completed in 0ms
52 silly audit bulk request {
52 silly audit   '@types/node': [ '20.12.7' ],
52 silly audit   'undici-types': [ '5.26.5' ],
52 silly audit   'types-registry': [ '0.1.684' ]
52 silly audit }
53 timing reify:unpack Completed in 0ms
54 timing reify:unretire Completed in 0ms
55 timing build:queue Completed in 0ms
56 timing build:deps Completed in 0ms
57 timing build Completed in 0ms
58 timing reify:build Completed in 0ms
59 timing reify:trash Completed in 0ms
60 timing reify:save Completed in 4ms
61 http fetch POST 501 https://registry.npmmirror.com/-/npm/v1/security/advisories/bulk 70600ms attempt #3 (cache skip)
62 silly audit bulk request failed [object Object]
63 http fetch POST 501 https://registry.npmmirror.com/-/npm/v1/security/audits/quick 70562ms attempt #3 (cache skip)
64 verbose audit error HttpErrorGeneral: 501 Method Not Implemented - POST https://registry.npmmirror.com/-/npm/v1/security/audits/quick - [NOT_IMPLEMENTED] /-/npm/v1/security/audits/quick not implemented yet
64 verbose audit error     at C:\Program Files\nodejs\node_modules\npm\node_modules\npm-registry-fetch\lib\check-response.js:95:15
64 verbose audit error     at process.processTicksAndRejections (node:internal/process/task_queues:95:5)
64 verbose audit error     at async [getReport] (C:\Program Files\nodejs\node_modules\npm\node_modules\@npmcli\arborist\lib\audit-report.js:335:21)
64 verbose audit error     at async AuditReport.run (C:\Program Files\nodejs\node_modules\npm\node_modules\@npmcli\arborist\lib\audit-report.js:106:19)
64 verbose audit error     at async Arborist.reify (C:\Program Files\nodejs\node_modules\npm\node_modules\@npmcli\arborist\lib\arborist\reify.js:174:24)
64 verbose audit error     at async Install.exec (C:\Program Files\nodejs\node_modules\npm\lib\commands\install.js:153:5)
64 verbose audit error     at async module.exports (C:\Program Files\nodejs\node_modules\npm\lib\cli-entry.js:61:5) {
64 verbose audit error   headers: [Object: null prototype] {
64 verbose audit error     server: [ 'Tengine' ],
64 verbose audit error     'content-type': [ 'application/json; charset=utf-8' ],
64 verbose audit error     'content-length': [ '81' ],
64 verbose audit error     connection: [ 'keep-alive' ],
64 verbose audit error     'strict-transport-security': [ 'max-age=5184000' ],
64 verbose audit error     date: [ 'Mon, 13 May 2024 08:02:51 GMT' ],
64 verbose audit error     vary: [ 'Origin' ],
64 verbose audit error     'request-id': [ '31d60830-10ff-11ef-852e-3d36b7725fa4' ],
64 verbose audit error     'x-frame-options': [ 'SAMEORIGIN' ],
64 verbose audit error     'x-xss-protection': [ '1; mode=block' ],
64 verbose audit error     'x-content-type-options': [ 'nosniff' ],
64 verbose audit error     'x-download-options': [ 'noopen' ],
64 verbose audit error     'x-readtime': [ '0.528' ],
64 verbose audit error     'ali-swift-global-savetime': [ '1715587371' ],
64 verbose audit error     via: [
64 verbose audit error       'cache64.l2cn3134[0,0,501-0,H], cache56.l2cn3134[0,0], kunlun7.cn5662[151,150,501-1281,M], kunlun18.cn5662[151,0]'
64 verbose audit error     ],
64 verbose audit error     age: [ '0' ],
64 verbose audit error     'x-cache': [ 'MISS TCP_MISS dirn:-2:-2' ],
64 verbose audit error     'x-swift-error': [ 'orig response 5xx error' ],
64 verbose audit error     'x-swift-savetime': [ 'Mon, 13 May 2024 08:02:51 GMT' ],
64 verbose audit error     'x-swift-cachetime': [ '1' ],
64 verbose audit error     'timing-allow-origin': [ '*' ],
64 verbose audit error     eagleid: [ '6f0c5fa617155873711254879e' ],
64 verbose audit error     'x-fetch-attempts': [ '3' ],
64 verbose audit error     'x-local-cache-status': [ 'skip' ]
64 verbose audit error   },
64 verbose audit error   statusCode: 501,
64 verbose audit error   code: 'E501',
64 verbose audit error   method: 'POST',
64 verbose audit error   uri: 'https://registry.npmmirror.com/-/npm/v1/security/audits/quick',
64 verbose audit error   body: {
64 verbose audit error     error: '[NOT_IMPLEMENTED] /-/npm/v1/security/audits/quick not implemented yet'
64 verbose audit error   },
64 verbose audit error   pkgid: undefined
64 verbose audit error }
65 silly audit error [object Object]
66 timing auditReport:getReport Completed in 141166ms
67 silly audit report null
68 timing reify:audit Completed in 141166ms
69 timing reify Completed in 141671ms
70 timing command:install Completed in 141674ms
71 verbose exit 0
72 timing npm Completed in 141999ms
73 info ok
