0 verbose cli C:\Program Files\nodejs\node.exe C:\Program Files\nodejs\node_modules\npm\bin\npm-cli.js
1 info using npm@10.5.0
2 info using node@v20.12.0
3 timing npm:load:whichnode Completed in 2ms
4 timing config:load:defaults Completed in 3ms
5 timing config:load:file:C:\Program Files\nodejs\node_modules\npm\npmrc Completed in 3ms
6 timing config:load:builtin Completed in 3ms
7 timing config:load:cli Completed in 2ms
8 timing config:load:env Completed in 1ms
9 timing config:load:file:C:\Users\YYY\AppData\Local\Microsoft\TypeScript\5.4\.npmrc Completed in 0ms
10 timing config:load:project Completed in 2ms
11 timing config:load:file:C:\Users\YYY\.npmrc Completed in 0ms
12 timing config:load:user Completed in 0ms
13 timing config:load:file:C:\Users\YYY\Desktop\Program\JavaWeb\Nodejs\node_global\etc\npmrc Completed in 1ms
14 timing config:load:global Completed in 1ms
15 timing config:load:setEnvs Completed in 0ms
16 timing config:load Completed in 12ms
17 timing npm:load:configload Completed in 12ms
18 timing config:load:flatten Completed in 1ms
19 timing npm:load:mkdirpcache Completed in 0ms
20 timing npm:load:mkdirplogs Completed in 1ms
21 verbose title npm install types-registry@latest
22 verbose argv "install" "--ignore-scripts" "types-registry@latest"
23 timing npm:load:setTitle Completed in 1ms
24 timing npm:load:display Completed in 0ms
25 verbose logfile logs-max:10 dir:C:\Users\YYY\Desktop\Program\JavaWeb\Nodejs\node_cache\_logs\2024-04-30T02_31_48_943Z-
26 verbose logfile C:\Users\YYY\Desktop\Program\JavaWeb\Nodejs\node_cache\_logs\2024-04-30T02_31_48_943Z-debug-0.log
27 timing npm:load:logFile Completed in 13ms
28 timing npm:load:timers Completed in 0ms
29 timing npm:load:configScope Completed in 1ms
30 timing npm:load Completed in 52ms
31 timing arborist:ctor Completed in 1ms
32 silly logfile start cleaning logs, removing 3 files
33 timing idealTree:init Completed in 28ms
34 silly logfile error removing log file C:\Users\YYY\Desktop\Program\JavaWeb\Nodejs\node_cache\_logs\2024-04-30T02_31_25_895Z-debug-0.log [Error: EPERM: operation not permitted, lstat 'C:\Users\YYY\Desktop\Program\JavaWeb\Nodejs\node_cache\_logs\2024-04-30T02_31_25_895Z-debug-0.log'] {
34 silly logfile   errno: -4048,
34 silly logfile   code: 'EPERM',
34 silly logfile   syscall: 'lstat',
34 silly logfile   path: 'C:\\Users\\YYY\\Desktop\\Program\\JavaWeb\\Nodejs\\node_cache\\_logs\\2024-04-30T02_31_25_895Z-debug-0.log'
34 silly logfile }
35 silly logfile done cleaning log files
36 timing arborist:ctor Completed in 0ms
37 http fetch GET 200 https://registry.npmmirror.com/types-registry 160ms (cache hit)
38 timing idealTree:userRequests Completed in 170ms
39 silly idealTree buildDeps
40 silly fetch manifest types-registry@0.1.684
41 silly placeDep ROOT types-registry@0.1.684 REPLACE for:  want: 0.1.684
42 timing idealTree:#root Completed in 6ms
43 timing idealTree:node_modules/types-registry Completed in 0ms
44 timing idealTree:buildDeps Completed in 6ms
45 timing idealTree:fixDepFlags Completed in 0ms
46 timing idealTree Completed in 207ms
47 timing reify:loadTrees Completed in 209ms
48 timing reify:diffTrees Completed in 2ms
49 silly reify moves {}
50 timing reify:retireShallow Completed in 0ms
51 timing reify:createSparse Completed in 0ms
52 timing reify:loadBundles Completed in 0ms
53 silly audit bulk request {
53 silly audit   '@types/node': [ '20.12.7' ],
53 silly audit   'undici-types': [ '5.26.5' ],
53 silly audit   'types-registry': [ '0.1.684' ]
53 silly audit }
54 timing reify:unpack Completed in 0ms
55 timing reify:unretire Completed in 0ms
56 timing build:queue Completed in 0ms
57 timing build:deps Completed in 0ms
58 timing build Completed in 1ms
59 timing reify:build Completed in 1ms
60 timing reify:trash Completed in 0ms
61 timing reify:save Completed in 7ms
62 http fetch POST 501 https://registry.npmmirror.com/-/npm/v1/security/advisories/bulk 70658ms attempt #3 (cache skip)
63 silly audit bulk request failed [object Object]
64 http fetch POST 501 https://registry.npmmirror.com/-/npm/v1/security/audits/quick 70524ms attempt #3 (cache skip)
65 verbose audit error HttpErrorGeneral: 501 Method Not Implemented - POST https://registry.npmmirror.com/-/npm/v1/security/audits/quick - [NOT_IMPLEMENTED] /-/npm/v1/security/audits/quick not implemented yet
65 verbose audit error     at C:\Program Files\nodejs\node_modules\npm\node_modules\npm-registry-fetch\lib\check-response.js:95:15
65 verbose audit error     at process.processTicksAndRejections (node:internal/process/task_queues:95:5)
65 verbose audit error     at async [getReport] (C:\Program Files\nodejs\node_modules\npm\node_modules\@npmcli\arborist\lib\audit-report.js:335:21)
65 verbose audit error     at async AuditReport.run (C:\Program Files\nodejs\node_modules\npm\node_modules\@npmcli\arborist\lib\audit-report.js:106:19)
65 verbose audit error     at async Arborist.reify (C:\Program Files\nodejs\node_modules\npm\node_modules\@npmcli\arborist\lib\arborist\reify.js:174:24)
65 verbose audit error     at async Install.exec (C:\Program Files\nodejs\node_modules\npm\lib\commands\install.js:153:5)
65 verbose audit error     at async module.exports (C:\Program Files\nodejs\node_modules\npm\lib\cli-entry.js:61:5) {
65 verbose audit error   headers: [Object: null prototype] {
65 verbose audit error     server: [ 'Tengine' ],
65 verbose audit error     'content-type': [ 'application/json; charset=utf-8' ],
65 verbose audit error     'content-length': [ '81' ],
65 verbose audit error     connection: [ 'keep-alive' ],
65 verbose audit error     'strict-transport-security': [ 'max-age=5184000' ],
65 verbose audit error     date: [ 'Tue, 30 Apr 2024 02:34:10 GMT' ],
65 verbose audit error     vary: [ 'Origin' ],
65 verbose audit error     'request-id': [ '1ffd5100-069a-11ef-afa1-0ba9a5077b1a' ],
65 verbose audit error     'x-frame-options': [ 'SAMEORIGIN' ],
65 verbose audit error     'x-xss-protection': [ '1; mode=block' ],
65 verbose audit error     'x-content-type-options': [ 'nosniff' ],
65 verbose audit error     'x-download-options': [ 'noopen' ],
65 verbose audit error     'x-readtime': [ '0.658' ],
65 verbose audit error     'ali-swift-global-savetime': [ '1714444450' ],
65 verbose audit error     via: [
65 verbose audit error       'cache4.l2cn3135[0,0,501-0,H], cache11.l2cn3135[0,0], kunlun20.cn5135[96,96,501-1281,M], kunlun13.cn5135[98,0]'
65 verbose audit error     ],
65 verbose audit error     age: [ '0' ],
65 verbose audit error     'x-cache': [ 'MISS TCP_MISS dirn:-2:-2' ],
65 verbose audit error     'x-swift-error': [ 'orig response 5xx error' ],
65 verbose audit error     'x-swift-savetime': [ 'Tue, 30 Apr 2024 02:34:10 GMT' ],
65 verbose audit error     'x-swift-cachetime': [ '1' ],
65 verbose audit error     'timing-allow-origin': [ '*' ],
65 verbose audit error     eagleid: [ '758786a117144444504011400e' ],
65 verbose audit error     'x-fetch-attempts': [ '3' ],
65 verbose audit error     'x-local-cache-status': [ 'skip' ]
65 verbose audit error   },
65 verbose audit error   statusCode: 501,
65 verbose audit error   code: 'E501',
65 verbose audit error   method: 'POST',
65 verbose audit error   uri: 'https://registry.npmmirror.com/-/npm/v1/security/audits/quick',
65 verbose audit error   body: {
65 verbose audit error     error: '[NOT_IMPLEMENTED] /-/npm/v1/security/audits/quick not implemented yet'
65 verbose audit error   },
65 verbose audit error   pkgid: undefined
65 verbose audit error }
66 silly audit error [object Object]
67 timing auditReport:getReport Completed in 141189ms
68 silly audit report null
69 timing reify:audit Completed in 141190ms
70 timing reify Completed in 141418ms
71 timing command:install Completed in 141426ms
72 verbose exit 0
73 timing npm Completed in 141872ms
74 info ok
