0 verbose cli C:\Program Files\nodejs\node.exe C:\Program Files\nodejs\node_modules\npm\bin\npm-cli.js
1 info using npm@10.5.0
2 info using node@v20.12.0
3 timing npm:load:whichnode Completed in 2ms
4 timing config:load:defaults Completed in 3ms
5 timing config:load:file:C:\Program Files\nodejs\node_modules\npm\npmrc Completed in 5ms
6 timing config:load:builtin Completed in 6ms
7 timing config:load:cli Completed in 2ms
8 timing config:load:env Completed in 1ms
9 timing config:load:file:C:\Users\YYY\AppData\Local\Microsoft\TypeScript\5.4\.npmrc Completed in 1ms
10 timing config:load:project Completed in 2ms
11 timing config:load:file:C:\Users\YYY\.npmrc Completed in 1ms
12 timing config:load:user Completed in 1ms
13 timing config:load:file:C:\Users\YYY\Desktop\Program\JavaWeb\Nodejs\node_global\etc\npmrc Completed in 0ms
14 timing config:load:global Completed in 0ms
15 timing config:load:setEnvs Completed in 1ms
16 timing config:load Completed in 16ms
17 timing npm:load:configload Completed in 16ms
18 timing config:load:flatten Completed in 2ms
19 timing npm:load:mkdirpcache Completed in 1ms
20 timing npm:load:mkdirplogs Completed in 1ms
21 verbose title npm install types-registry@latest
22 verbose argv "install" "--ignore-scripts" "types-registry@latest"
23 timing npm:load:setTitle Completed in 1ms
24 timing npm:load:display Completed in 0ms
25 verbose logfile logs-max:10 dir:C:\Users\YYY\Desktop\Program\JavaWeb\Nodejs\node_cache\_logs\2024-05-28T06_38_12_224Z-
26 verbose logfile C:\Users\YYY\Desktop\Program\JavaWeb\Nodejs\node_cache\_logs\2024-05-28T06_38_12_224Z-debug-0.log
27 timing npm:load:logFile Completed in 17ms
28 timing npm:load:timers Completed in 0ms
29 timing npm:load:configScope Completed in 0ms
30 timing npm:load Completed in 82ms
31 timing arborist:ctor Completed in 0ms
32 silly logfile start cleaning logs, removing 6 files
33 timing idealTree:init Completed in 33ms
34 timing arborist:ctor Completed in 1ms
35 silly logfile done cleaning log files
36 http fetch GET 200 https://registry.npmmirror.com/types-registry 377ms (cache revalidated)
37 timing idealTree:userRequests Completed in 383ms
38 silly idealTree buildDeps
39 silly fetch manifest types-registry@0.1.685
40 silly placeDep ROOT types-registry@0.1.685 REPLACE for:  want: 0.1.685
41 timing idealTree:#root Completed in 3ms
42 timing idealTree:node_modules/types-registry Completed in 0ms
43 timing idealTree:buildDeps Completed in 4ms
44 timing idealTree:fixDepFlags Completed in 1ms
45 timing idealTree Completed in 422ms
46 timing reify:loadTrees Completed in 423ms
47 timing reify:diffTrees Completed in 4ms
48 silly reify moves {}
49 timing reify:retireShallow Completed in 1ms
50 timing reify:createSparse Completed in 0ms
51 timing reify:loadBundles Completed in 0ms
52 silly audit bulk request {
52 silly audit   '@jridgewell/gen-mapping': [ '0.3.5' ],
52 silly audit   '@jridgewell/resolve-uri': [ '3.1.2' ],
52 silly audit   '@jridgewell/set-array': [ '1.2.1' ],
52 silly audit   '@jridgewell/source-map': [ '0.3.6' ],
52 silly audit   '@jridgewell/sourcemap-codec': [ '1.4.15' ],
52 silly audit   '@jridgewell/trace-mapping': [ '0.3.25' ],
52 silly audit   '@types/eslint': [ '8.56.10' ],
52 silly audit   '@types/eslint-scope': [ '3.7.7' ],
52 silly audit   '@types/estree': [ '1.0.5' ],
52 silly audit   '@types/json-schema': [ '7.0.15' ],
52 silly audit   '@types/node': [ '20.12.7' ],
52 silly audit   '@types/webpack': [ '5.28.5' ],
52 silly audit   '@webassemblyjs/ast': [ '1.12.1' ],
52 silly audit   '@webassemblyjs/floating-point-hex-parser': [ '1.11.6' ],
52 silly audit   '@webassemblyjs/helper-api-error': [ '1.11.6' ],
52 silly audit   '@webassemblyjs/helper-buffer': [ '1.12.1' ],
52 silly audit   '@webassemblyjs/helper-numbers': [ '1.11.6' ],
52 silly audit   '@webassemblyjs/helper-wasm-bytecode': [ '1.11.6' ],
52 silly audit   '@webassemblyjs/helper-wasm-section': [ '1.12.1' ],
52 silly audit   '@webassemblyjs/ieee754': [ '1.11.6' ],
52 silly audit   '@webassemblyjs/leb128': [ '1.11.6' ],
52 silly audit   '@webassemblyjs/utf8': [ '1.11.6' ],
52 silly audit   '@webassemblyjs/wasm-edit': [ '1.12.1' ],
52 silly audit   '@webassemblyjs/wasm-gen': [ '1.12.1' ],
52 silly audit   '@webassemblyjs/wasm-opt': [ '1.12.1' ],
52 silly audit   '@webassemblyjs/wasm-parser': [ '1.12.1' ],
52 silly audit   '@webassemblyjs/wast-printer': [ '1.12.1' ],
52 silly audit   '@xtuc/ieee754': [ '1.2.0' ],
52 silly audit   '@xtuc/long': [ '4.2.2' ],
52 silly audit   acorn: [ '8.11.3' ],
52 silly audit   'acorn-import-assertions': [ '1.9.0' ],
52 silly audit   ajv: [ '6.12.6' ],
52 silly audit   'ajv-keywords': [ '3.5.2' ],
52 silly audit   browserslist: [ '4.23.0' ],
52 silly audit   'buffer-from': [ '1.1.2' ],
52 silly audit   'caniuse-lite': [ '1.0.30001621' ],
52 silly audit   'chrome-trace-event': [ '1.0.3' ],
52 silly audit   commander: [ '2.20.3' ],
52 silly audit   'electron-to-chromium': [ '1.4.777' ],
52 silly audit   'enhanced-resolve': [ '5.16.1' ],
52 silly audit   'es-module-lexer': [ '1.5.3' ],
52 silly audit   escalade: [ '3.1.2' ],
52 silly audit   'eslint-scope': [ '5.1.1' ],
52 silly audit   esrecurse: [ '4.3.0' ],
52 silly audit   estraverse: [ '5.3.0', '4.3.0' ],
52 silly audit   events: [ '3.3.0' ],
52 silly audit   'fast-deep-equal': [ '3.1.3' ],
52 silly audit   'fast-json-stable-stringify': [ '2.1.0' ],
52 silly audit   'glob-to-regexp': [ '0.4.1' ],
52 silly audit   'graceful-fs': [ '4.2.11' ],
52 silly audit   'has-flag': [ '4.0.0' ],
52 silly audit   'jest-worker': [ '27.5.1' ],
52 silly audit   'json-parse-even-better-errors': [ '2.3.1' ],
52 silly audit   'json-schema-traverse': [ '0.4.1' ],
52 silly audit   'loader-runner': [ '4.3.0' ],
52 silly audit   'merge-stream': [ '2.0.0' ],
52 silly audit   'mime-db': [ '1.52.0' ],
52 silly audit   'mime-types': [ '2.1.35' ],
52 silly audit   'neo-async': [ '2.6.2' ],
52 silly audit   'node-releases': [ '2.0.14' ],
52 silly audit   picocolors: [ '1.0.1' ],
52 silly audit   punycode: [ '2.3.1' ],
52 silly audit   randombytes: [ '2.1.0' ],
52 silly audit   'safe-buffer': [ '5.2.1' ],
52 silly audit   'schema-utils': [ '3.3.0' ],
52 silly audit   'serialize-javascript': [ '6.0.2' ],
52 silly audit   'source-map': [ '0.6.1' ],
52 silly audit   'source-map-support': [ '0.5.21' ],
52 silly audit   'supports-color': [ '8.1.1' ],
52 silly audit   tapable: [ '2.2.1' ],
52 silly audit   terser: [ '5.31.0' ],
52 silly audit   'terser-webpack-plugin': [ '5.3.10' ],
52 silly audit   'undici-types': [ '5.26.5' ],
52 silly audit   'update-browserslist-db': [ '1.0.16' ],
52 silly audit   'uri-js': [ '4.4.1' ],
52 silly audit   watchpack: [ '2.4.1' ],
52 silly audit   webpack: [ '5.91.0' ],
52 silly audit   'webpack-sources': [ '3.2.3' ],
52 silly audit   'types-registry': [ '0.1.685' ]
52 silly audit }
53 timing reify:unpack Completed in 0ms
54 timing reify:unretire Completed in 0ms
55 timing build:queue Completed in 0ms
56 timing build:deps Completed in 0ms
57 timing build Completed in 0ms
58 timing reify:build Completed in 0ms
59 timing reify:trash Completed in 0ms
60 timing reify:save Completed in 20ms
61 http fetch POST 404 https://registry.npmmirror.com/-/npm/v1/security/advisories/bulk 46ms (cache skip)
62 silly audit bulk request failed [object Object]
63 http fetch POST 404 https://registry.npmmirror.com/-/npm/v1/security/audits/quick 31ms (cache skip)
64 verbose audit error HttpErrorGeneral: 404 Not Found - POST https://registry.npmmirror.com/-/npm/v1/security/audits/quick - [NOT_IMPLEMENTED] /-/npm/v1/security/* not implemented yet
64 verbose audit error     at C:\Program Files\nodejs\node_modules\npm\node_modules\npm-registry-fetch\lib\check-response.js:95:15
64 verbose audit error     at process.processTicksAndRejections (node:internal/process/task_queues:95:5)
64 verbose audit error     at async [getReport] (C:\Program Files\nodejs\node_modules\npm\node_modules\@npmcli\arborist\lib\audit-report.js:335:21)
64 verbose audit error     at async AuditReport.run (C:\Program Files\nodejs\node_modules\npm\node_modules\@npmcli\arborist\lib\audit-report.js:106:19)
64 verbose audit error     at async Arborist.reify (C:\Program Files\nodejs\node_modules\npm\node_modules\@npmcli\arborist\lib\arborist\reify.js:174:24)
64 verbose audit error     at async Install.exec (C:\Program Files\nodejs\node_modules\npm\lib\commands\install.js:153:5)
64 verbose audit error     at async module.exports (C:\Program Files\nodejs\node_modules\npm\lib\cli-entry.js:61:5) {
64 verbose audit error   headers: [Object: null prototype] {
64 verbose audit error     server: [ 'Tengine' ],
64 verbose audit error     date: [ 'Tue, 28 May 2024 06:38:13 GMT' ],
64 verbose audit error     'content-type': [ 'application/json' ],
64 verbose audit error     'transfer-encoding': [ 'chunked' ],
64 verbose audit error     connection: [ 'keep-alive' ],
64 verbose audit error     'strict-transport-security': [ 'max-age=5184000' ],
64 verbose audit error     via: [ 'kunlun6.cn1590[,404666]' ],
64 verbose audit error     'timing-allow-origin': [ '*' ],
64 verbose audit error     eagleid: [ 'ddb2069a17168782933904190e' ],
64 verbose audit error     'x-fetch-attempts': [ '1' ],
64 verbose audit error     'x-local-cache-status': [ 'skip' ]
64 verbose audit error   },
64 verbose audit error   statusCode: 404,
64 verbose audit error   code: 'E404',
64 verbose audit error   method: 'POST',
64 verbose audit error   uri: 'https://registry.npmmirror.com/-/npm/v1/security/audits/quick',
64 verbose audit error   body: {
64 verbose audit error     error: '[NOT_IMPLEMENTED] /-/npm/v1/security/* not implemented yet'
64 verbose audit error   },
64 verbose audit error   pkgid: undefined
64 verbose audit error }
65 silly audit error [object Object]
66 timing auditReport:getReport Completed in 89ms
67 silly audit report null
68 timing reify:audit Completed in 89ms
69 timing reify Completed in 524ms
70 timing command:install Completed in 527ms
71 verbose exit 0
72 timing npm Completed in 994ms
73 info ok
